  1>Checking Build System
  CMake is re-running because G:/! New/XEngine/build/XEngineCore/CMakeFiles/generate.stamp is out-of-date.
    the file 'G:/! New/XEngine/XEngineCore/CMakeLists.txt'
    is newer than 'G:/! New/XEngine/build/XEngineCore/CMakeFiles/generate.stamp.depend'
    result='-1'
  -- Selecting Windows SDK version 10.0.22000.0 to target Windows 10.0.19045.
  -- Including Win32 support
  -- Build spdlog: 1.11.0
  -- Build type: Release
  CMake Deprecation Warning at external/glm/CMakeLists.txt:1 (cmake_minimum_required):
    Compatibility with CMake < 3.5 will be removed from a future version of
    CMake.
  
    Update the VERSION argument <min> value or use a ...<max> suffix to tell
    CMake that the project does not need compatibility with older versions.
  
  
  CMake Deprecation Warning at external/glm/CMakeLists.txt:2 (cmake_policy):
    Compatibility with CMake < 3.5 will be removed from a future version of
    CMake.
  
    Update the VERSION argument <min> value or use a ...<max> suffix to tell
    CMake that the project does not need compatibility with older versions.
  
  
  -- GLM: Version 0.9.9.9
  -- Configuring done (0.2s)
  -- Generating done (0.4s)
  -- Build files have been written to: G:/! New/XEngine/build
